<?xml version="1.0" encoding="UTF-8"?>
<!-- Generated by org.testng.reporters.JUnitXMLReporter -->
<testsuite ignored="7" hostname="LAPTOP-T9JDTV1E" failures="0" tests="1" name="Default test" time="2.292" errors="0" timestamp="2023-12-01T19:44:25 EST">
  <testcase classname="com.tests.sep2023.Githib" name="UpdateRepo" time="2.024"/>
  <testcase classname="com.tests.sep2023.Githib" name="GetASingleRepoNonExisting" time="0.0">
    <ignored/>
  </testcase> <!-- GetASingleRepoNonExisting -->
  <testcase classname="com.tests.sep2023.Githib" name="GetASingleRepo" time="0.0">
    <ignored/>
  </testcase> <!-- GetASingleRepo -->
  <testcase classname="com.tests.sep2023.Githib" name="CreateRepo" time="0.0">
    <ignored/>
  </testcase> <!-- CreateRepo -->
  <testcase classname="com.tests.sep2023.Githib" name="CreateRepoExistingName" time="0.0">
    <ignored/>
  </testcase> <!-- CreateRepoExistingName -->
  <testcase classname="com.tests.sep2023.Githib" name="DeleteRepoNonexisting" time="0.0">
    <ignored/>
  </testcase> <!-- DeleteRepoNonexisting -->
  <testcase classname="com.tests.sep2023.Githib" name="DeleteRepo" time="0.0">
    <ignored/>
  </testcase> <!-- DeleteRepo -->
  <testcase classname="com.tests.sep2023.Githib" name="getallrepo" time="0.0">
    <ignored/>
  </testcase> <!-- getallrepo -->
</testsuite> <!-- Default test -->
