<?xml version="1.0" encoding="UTF-8"?>
<testng-results ignored="7" total="8" passed="1" failed="0" skipped="0">
  <reporter-output>
  </reporter-output>
  <suite started-at="2023-12-01T19:44:22 EST" name="Default suite" finished-at="2023-12-01T19:44:25 EST" duration-ms="2292">
    <groups>
    </groups>
    <test started-at="2023-12-01T19:44:22 EST" name="Default test" finished-at="2023-12-01T19:44:25 EST" duration-ms="2292">
      <class name="com.tests.sep2023.Githib">
        <test-method is-config="true" signature="setUp()[pri:0, instance:com.tests.sep2023.Githib@9f116cc]" started-at="2023-12-01T19:44:22 EST" name="setUp" finished-at="2023-12-01T19:44:23 EST" duration-ms="246" status="PASS">
          <reporter-output>
          </reporter-output>
        </test-method> <!-- setUp -->
        <test-method signature="UpdateRepo()[pri:0, instance:com.tests.sep2023.Githib@9f116cc]" started-at="2023-12-01T19:44:23 EST" name="UpdateRepo" finished-at="2023-12-01T19:44:25 EST" duration-ms="2024" status="PASS">
          <reporter-output>
          </reporter-output>
        </test-method> <!-- UpdateRepo -->
      </class> <!-- com.tests.sep2023.Githib -->
    </test> <!-- Default test -->
  </suite> <!-- Default suite -->
</testng-results>
